[debug] [2019-12-14T07:56:43.856Z] ----------------------------------------------------------------------
[debug] [2019-12-14T07:56:43.858Z] Command:       /home/tristan/.nvm/versions/node/v12.13.0/bin/node /home/tristan/.nvm/versions/node/v12.13.0/bin/firebase init
[debug] [2019-12-14T07:56:43.858Z] CLI Version:   7.10.0
[debug] [2019-12-14T07:56:43.858Z] Platform:      linux
[debug] [2019-12-14T07:56:43.858Z] Node Version:  v12.13.0
[debug] [2019-12-14T07:56:43.858Z] Time:          Sat Dec 14 2019 08:56:43 GMT+0100 (Central European Standard Time)
[debug] [2019-12-14T07:56:43.858Z] ----------------------------------------------------------------------
[debug] [2019-12-14T07:56:43.858Z] 
[debug] [2019-12-14T07:56:43.861Z] > command requires scopes: ["email","openid","https://www.googleapis.com/auth/cloudplatformprojects.readonly","https://www.googleapis.com/auth/firebase","https://www.googleapis.com/auth/cloud-platform"]
[debug] [2019-12-14T07:56:43.862Z] > authorizing via signed-in user
[info] 
     ######## #### ########  ######## ########     ###     ######  ########
     ##        ##  ##     ## ##       ##     ##  ##   ##  ##       ##
     ######    ##  ########  ######   ########  #########  ######  ######
     ##        ##  ##    ##  ##       ##     ## ##     ##       ## ##
     ##       #### ##     ## ######## ########  ##     ##  ######  ########

You're about to initialize a Firebase project in this directory:

  /home/tristan/angular/burpees-ng

Before we get started, keep in mind:

  * You are initializing in an existing Firebase project directory

[info] 
=== Project Setup
[info] 
[info] First, let's associate this project directory with a Firebase project.
[info] You can create multiple project aliases by running firebase use --add, 
[info] but for now we'll just set up a default project.
[info] 
[info] i  If you want to create a project in a Google Cloud organization or folder, please use "firebase projects:create" instead, and return to this command when you've created the project.
[debug] [2019-12-14T07:56:54.778Z] >>> HTTP REQUEST POST https://cloudresourcemanager.googleapis.com/v1/projects  

[debug] [2019-12-14T07:56:55.751Z] <<< HTTP RESPONSE 200
[debug] [2019-12-14T07:56:55.761Z] >>> HTTP REQUEST GET https://cloudresourcemanager.googleapis.com/v1/operations/cp.8554991151648108533  
 
[debug] [2019-12-14T07:56:56.692Z] <<< HTTP RESPONSE 200
[debug] [2019-12-14T07:56:56.694Z] Callers must accept Terms of Service
[debug] [2019-12-14T07:56:56.777Z] FirebaseError: Callers must accept Terms of Service
    at OperationPoller.<anonymous> (/home/tristan/.nvm/versions/node/v12.13.0/lib/node_modules/firebase-tools/lib/operation-poller.js:31:23)
    at Generator.next (<anonymous>)
    at fulfilled (/home/tristan/.nvm/versions/node/v12.13.0/lib/node_modules/firebase-tools/lib/operation-poller.js:4:58)
    at processTicksAndRejections (internal/process/task_queues.js:93:5)
[error] 
[error] Error: Failed to create Google Cloud project. See firebase-debug.log for more info.
